5498 : 2022-04-08 13:30:01,505 : INFO : telemetry.main : Attempt start. Configuration directory [/root/.azure].
5498 : 2022-04-08 13:30:01,506 : INFO : telemetry.check : Positive: The /root/.azure/telemetry.txt does not exist.
5498 : 2022-04-08 13:30:01,506 : DEBUG : telemetry.note : acquiring lock
5498 : 2022-04-08 13:30:01,506 : DEBUG : telemetry.note : acquired lock
5498 : 2022-04-08 13:30:01,506 : INFO : telemetry.note : Update the note mtime to 2022-04-08 13:30:01.506444
5498 : 2022-04-08 13:30:01,506 : WARNING : telemetry.note : Fail to parse or read the timestamp 'N/A' in the note file. Set the last send time to minimal. Reason: not readable
5498 : 2022-04-08 13:30:01,506 : INFO : telemetry.records : No cache to be uploaded.
5498 : 2022-04-08 13:30:01,506 : INFO : telemetry.client : Accumulated 0 events. Flush the clients.
5498 : 2022-04-08 13:30:01,506 : INFO : telemetry.note : Update the last send in note to 0001-01-01 00:00:00
5498 : 2022-04-08 13:30:01,506 : INFO : telemetry.note : Update the note mtime to 2022-04-08 13:30:01.506910
5978 : 2022-04-08 13:40:38,044 : INFO : telemetry.main : Attempt start. Configuration directory [/root/.azure].
5978 : 2022-04-08 13:40:38,044 : INFO : telemetry.check : Returns Positive.
5978 : 2022-04-08 13:40:38,044 : DEBUG : telemetry.note : acquiring lock
5978 : 2022-04-08 13:40:38,044 : DEBUG : telemetry.note : acquired lock
5978 : 2022-04-08 13:40:38,044 : INFO : telemetry.note : Update the note mtime to 2022-04-08 13:40:38.044820
5978 : 2022-04-08 13:40:38,046 : WARNING : telemetry.note : Fail to parse or read the timestamp '1-01-01T00:00:00' in the note file. Set the last send time to minimal. Reason: time data '1-01-01T00:00:00' does not match format '%Y-%m-%dT%H:%M:%S'
5978 : 2022-04-08 13:40:38,047 : INFO : telemetry.records : No cache to be uploaded.
5978 : 2022-04-08 13:40:38,047 : INFO : telemetry.client : Accumulated 0 events. Flush the clients.
5978 : 2022-04-08 13:40:38,047 : INFO : telemetry.note : Update the last send in note to 0001-01-01 00:00:00
5978 : 2022-04-08 13:40:38,047 : INFO : telemetry.note : Update the note mtime to 2022-04-08 13:40:38.047336
7161 : 2022-04-08 14:00:54,884 : INFO : telemetry.main : Attempt start. Configuration directory [/root/.azure].
7161 : 2022-04-08 14:00:54,884 : INFO : telemetry.check : Returns Positive.
7161 : 2022-04-08 14:00:54,884 : DEBUG : telemetry.note : acquiring lock
7161 : 2022-04-08 14:00:54,884 : DEBUG : telemetry.note : acquired lock
7161 : 2022-04-08 14:00:54,884 : INFO : telemetry.note : Update the note mtime to 2022-04-08 14:00:54.884559
7161 : 2022-04-08 14:00:54,886 : WARNING : telemetry.note : Fail to parse or read the timestamp '1-01-01T00:00:00' in the note file. Set the last send time to minimal. Reason: time data '1-01-01T00:00:00' does not match format '%Y-%m-%dT%H:%M:%S'
7161 : 2022-04-08 14:00:54,886 : INFO : telemetry.records : No cache to be uploaded.
7161 : 2022-04-08 14:00:54,886 : INFO : telemetry.client : Accumulated 0 events. Flush the clients.
7161 : 2022-04-08 14:00:54,886 : INFO : telemetry.note : Update the last send in note to 0001-01-01 00:00:00
7161 : 2022-04-08 14:00:54,886 : INFO : telemetry.note : Update the note mtime to 2022-04-08 14:00:54.886540
7411 : 2022-04-08 14:16:43,705 : INFO : telemetry.main : Attempt start. Configuration directory [/root/.azure].
7411 : 2022-04-08 14:16:43,705 : INFO : telemetry.check : Returns Positive.
7411 : 2022-04-08 14:16:43,705 : DEBUG : telemetry.note : acquiring lock
7411 : 2022-04-08 14:16:43,705 : DEBUG : telemetry.note : acquired lock
7411 : 2022-04-08 14:16:43,705 : INFO : telemetry.note : Update the note mtime to 2022-04-08 14:16:43.705769
7411 : 2022-04-08 14:16:43,707 : WARNING : telemetry.note : Fail to parse or read the timestamp '1-01-01T00:00:00' in the note file. Set the last send time to minimal. Reason: time data '1-01-01T00:00:00' does not match format '%Y-%m-%dT%H:%M:%S'
7411 : 2022-04-08 14:16:43,707 : INFO : telemetry.records : No cache to be uploaded.
7411 : 2022-04-08 14:16:43,707 : INFO : telemetry.client : Accumulated 0 events. Flush the clients.
7411 : 2022-04-08 14:16:43,707 : INFO : telemetry.note : Update the last send in note to 0001-01-01 00:00:00
7411 : 2022-04-08 14:16:43,707 : INFO : telemetry.note : Update the note mtime to 2022-04-08 14:16:43.707641
8844 : 2022-04-08 14:54:39,662 : INFO : telemetry.main : Attempt start. Configuration directory [/root/.azure].
8844 : 2022-04-08 14:54:39,662 : INFO : telemetry.check : Returns Positive.
8844 : 2022-04-08 14:54:39,662 : DEBUG : telemetry.note : acquiring lock
8844 : 2022-04-08 14:54:39,662 : DEBUG : telemetry.note : acquired lock
8844 : 2022-04-08 14:54:39,662 : INFO : telemetry.note : Update the note mtime to 2022-04-08 14:54:39.662818
8844 : 2022-04-08 14:54:39,664 : WARNING : telemetry.note : Fail to parse or read the timestamp '1-01-01T00:00:00' in the note file. Set the last send time to minimal. Reason: time data '1-01-01T00:00:00' does not match format '%Y-%m-%dT%H:%M:%S'
8844 : 2022-04-08 14:54:39,664 : INFO : telemetry.records : No cache to be uploaded.
8844 : 2022-04-08 14:54:39,664 : INFO : telemetry.client : Accumulated 0 events. Flush the clients.
8844 : 2022-04-08 14:54:39,664 : INFO : telemetry.note : Update the last send in note to 0001-01-01 00:00:00
8844 : 2022-04-08 14:54:39,664 : INFO : telemetry.note : Update the note mtime to 2022-04-08 14:54:39.664702
11443 : 2022-04-09 05:32:24,096 : INFO : telemetry.main : Attempt start. Configuration directory [/root/.azure].
11443 : 2022-04-09 05:32:24,097 : INFO : telemetry.check : Returns Positive.
11443 : 2022-04-09 05:32:24,097 : DEBUG : telemetry.note : acquiring lock
11443 : 2022-04-09 05:32:24,097 : DEBUG : telemetry.note : acquired lock
11443 : 2022-04-09 05:32:24,097 : INFO : telemetry.note : Update the note mtime to 2022-04-09 05:32:24.097301
11443 : 2022-04-09 05:32:24,099 : WARNING : telemetry.note : Fail to parse or read the timestamp '1-01-01T00:00:00' in the note file. Set the last send time to minimal. Reason: time data '1-01-01T00:00:00' does not match format '%Y-%m-%dT%H:%M:%S'
11443 : 2022-04-09 05:32:24,099 : INFO : telemetry.records : No cache to be uploaded.
11443 : 2022-04-09 05:32:24,099 : INFO : telemetry.client : Accumulated 0 events. Flush the clients.
11443 : 2022-04-09 05:32:24,099 : INFO : telemetry.note : Update the last send in note to 0001-01-01 00:00:00
11443 : 2022-04-09 05:32:24,099 : INFO : telemetry.note : Update the note mtime to 2022-04-09 05:32:24.099435
11929 : 2022-04-09 05:45:34,301 : INFO : telemetry.main : Attempt start. Configuration directory [/root/.azure].
11929 : 2022-04-09 05:45:34,301 : INFO : telemetry.check : Returns Positive.
11929 : 2022-04-09 05:45:34,301 : DEBUG : telemetry.note : acquiring lock
11929 : 2022-04-09 05:45:34,301 : DEBUG : telemetry.note : acquired lock
11929 : 2022-04-09 05:45:34,301 : INFO : telemetry.note : Update the note mtime to 2022-04-09 05:45:34.301684
11929 : 2022-04-09 05:45:34,303 : WARNING : telemetry.note : Fail to parse or read the timestamp '1-01-01T00:00:00' in the note file. Set the last send time to minimal. Reason: time data '1-01-01T00:00:00' does not match format '%Y-%m-%dT%H:%M:%S'
11929 : 2022-04-09 05:45:34,303 : INFO : telemetry.records : No cache to be uploaded.
11929 : 2022-04-09 05:45:34,303 : INFO : telemetry.client : Accumulated 0 events. Flush the clients.
11929 : 2022-04-09 05:45:34,303 : INFO : telemetry.note : Update the last send in note to 0001-01-01 00:00:00
11929 : 2022-04-09 05:45:34,303 : INFO : telemetry.note : Update the note mtime to 2022-04-09 05:45:34.303424
